<?xml version="1.0" encoding="UTF-8"?>
<!-- Generated by org.testng.reporters.JUnitXMLReporter -->
<testsuite hostname="Dartland" name="Test1" tests="3" failures="0" timestamp="19 Jun 2015 14:03:17 GMT" time="16.737" errors="0">
  <testcase name="LoginTest" time="3.916" classname="ru.st.selenium.LoginTest"/>
  <testcase name="NotFoundFilmTest" time="1.156" classname="ru.st.selenium.NotFoundFilmTest"/>
  <testcase name="FoundFilmTest" time="0.711" classname="ru.st.selenium.FoundFilmTest"/>
</testsuite> <!-- Test1 -->
