<?xml version="1.0" encoding="UTF-8"?>
<!-- Generated by org.testng.reporters.JUnitXMLReporter -->
<testsuite hostname="Dartland" name="Test1" tests="3" failures="0" timestamp="24 Jun 2015 10:16:05 GMT" time="14.31" errors="0">
  <testcase name="LoginTest" time="2.837" classname="ru.st.selenium.LoginTest"/>
  <testcase name="NotFoundFilmTest" time="0.894" classname="ru.st.selenium.NotFoundFilmTest"/>
  <testcase name="FoundFilmTest" time="0.919" classname="ru.st.selenium.FoundFilmTest"/>
</testsuite> <!-- Test1 -->
