<?xml version="1.0" encoding="UTF-8"?>
<testng-results skipped="0" failed="0" total="3" passed="3">
  <reporter-output>
  </reporter-output>
  <suite name="Tests" duration-ms="14310" started-at="2015-06-24T10:15:51Z" finished-at="2015-06-24T10:16:05Z">
    <groups>
    </groups>
    <test name="Test1" duration-ms="14310" started-at="2015-06-24T10:15:51Z" finished-at="2015-06-24T10:16:05Z">
      <class name="ru.st.selenium.LoginTest">
        <test-method status="PASS" signature="init()[pri:0, instance:ru.st.selenium.LoginTest@6a5fc7f7]" name="init" is-config="true" duration-ms="9559" started-at="2015-06-24T13:15:51Z" finished-at="2015-06-24T13:16:01Z">
          <reporter-output>
          </reporter-output>
        </test-method> <!-- init -->
        <test-method status="PASS" signature="LoginTest()[pri:0, instance:ru.st.selenium.LoginTest@6a5fc7f7]" name="LoginTest" duration-ms="2837" started-at="2015-06-24T13:16:01Z" finished-at="2015-06-24T13:16:03Z">
          <reporter-output>
          </reporter-output>
        </test-method> <!-- LoginTest -->
      </class> <!-- ru.st.selenium.LoginTest -->
      <class name="ru.st.selenium.NotFoundFilmTest">
        <test-method status="PASS" signature="init()[pri:0, instance:ru.st.selenium.NotFoundFilmTest@2f7c7260]" name="init" is-config="true" duration-ms="25" started-at="2015-06-24T13:16:03Z" finished-at="2015-06-24T13:16:03Z">
          <reporter-output>
          </reporter-output>
        </test-method> <!-- init -->
        <test-method status="PASS" signature="NotFoundFilmTest()[pri:0, instance:ru.st.selenium.NotFoundFilmTest@2f7c7260]" name="NotFoundFilmTest" duration-ms="894" started-at="2015-06-24T13:16:03Z" finished-at="2015-06-24T13:16:04Z">
          <reporter-output>
          </reporter-output>
        </test-method> <!-- NotFoundFilmTest -->
        <test-method status="PASS" signature="tearDown()[pri:0, instance:ru.st.selenium.NotFoundFilmTest@2f7c7260]" name="tearDown" is-config="true" duration-ms="202" started-at="2015-06-24T13:16:05Z" finished-at="2015-06-24T13:16:05Z">
          <reporter-output>
          </reporter-output>
        </test-method> <!-- tearDown -->
      </class> <!-- ru.st.selenium.NotFoundFilmTest -->
      <class name="ru.st.selenium.FoundFilmTest">
        <test-method status="PASS" signature="init()[pri:0, instance:ru.st.selenium.FoundFilmTest@5594a1b5]" name="init" is-config="true" duration-ms="42" started-at="2015-06-24T13:16:04Z" finished-at="2015-06-24T13:16:04Z">
          <reporter-output>
          </reporter-output>
        </test-method> <!-- init -->
        <test-method status="PASS" signature="FoundFilmTest()[pri:0, instance:ru.st.selenium.FoundFilmTest@5594a1b5]" name="FoundFilmTest" duration-ms="919" started-at="2015-06-24T13:16:04Z" finished-at="2015-06-24T13:16:05Z">
          <reporter-output>
          </reporter-output>
        </test-method> <!-- FoundFilmTest -->
      </class> <!-- ru.st.selenium.FoundFilmTest -->
    </test> <!-- Test1 -->
  </suite> <!-- Tests -->
</testng-results>
